#14 23.90  1303 |                       )}
#14 23.90  1304 |                   </div>
#14 23.90  1305 |                 ))}
#14 23.90       :                  ^
#14 23.90  1306 |                 {showEditControls && (
#14 23.90  1307 |                   <button 
#14 23.90  1308 |                     onClick={() => { setTargetColumnForNewSection(colIdx); setEditingSectionForModal(null); setIsSectionModalOpen(true); }}
#14 23.90       `----
#14 23.90 
#14 23.90 Caused by:
#14 23.90     Syntax Error
#14 23.90 
#14 23.90 Import trace for requested module:
#14 23.90 ./src/components/Dashboard.tsx
#14 23.90 ./src/app/page.tsx
#14 23.90 
#14 23.91 
#14 23.91 > Build failed because of webpack errors
#14 ERROR: process "/bin/sh -c npx next build --webpack" did not complete successfully: exit code: 1
------
 > [builder 5/5] RUN npx next build --webpack:
23.90 
23.90 Caused by:
23.90     Syntax Error
23.90 
23.90 Import trace for requested module:
23.90 ./src/components/Dashboard.tsx
23.90 ./src/app/page.tsx
23.90 
23.91 
23.91 > Build failed because of webpack errors
------
WARNING: No output specified with docker-container driver. Build result will only remain in the build cache. To push result image into registry use --push or to load image into docker use --load
Dockerfile:37
--------------------
  35 |     # Build Next.js
  36 |     ENV NEXT_TELEMETRY_DISABLED=1
  37 | >>> RUN npx next build --webpack
  38 |     
  39 |     # Production image, copy all the files and run next
--------------------
ERROR: failed to build: failed to solve: process "/bin/sh -c npx next build --webpack" did not complete successfully: exit code: 1
